Running in Lattice mode


Starting:    C:\lscc\iCEcube2.2020.12\synpbase\bin64\mbin\synbatch.exe
Install:     C:\lscc\iCEcube2.2020.12\synpbase
Hostname:    ATTAR
Date:        Fri Dec 22 20:30:03 2023
Version:     L-2016.09L+ice40

Arguments:   -product synplify_pro -batch str_syn.prj
ProductType: synplify_pro





log file: "C:\Users\RoYaa\Desktop\alu_8bit_project\alu_structural\fpgaoutstr\str\str_Implmnt\str.srr"
Running: str_Implmnt in foreground

Running str_syn|str_Implmnt

Running: compile (Compile) on str_syn|str_Implmnt
# Fri Dec 22 20:30:03 2023

Running: compile_flow (Compile Process) on str_syn|str_Implmnt
# Fri Dec 22 20:30:03 2023

Running: compiler (Compile Input) on str_syn|str_Implmnt
# Fri Dec 22 20:30:03 2023
Copied C:\Users\RoYaa\Desktop\alu_8bit_project\alu_structural\fpgaoutstr\str\str_Implmnt\synwork\str_comp.srs to C:\Users\RoYaa\Desktop\alu_8bit_project\alu_structural\fpgaoutstr\str\str_Implmnt\str.srs

compiler completed
# Fri Dec 22 20:30:06 2023

Return Code: 0
Run Time:00h:00m:03s

Running: multi_srs_gen (Multi-srs Generator) on str_syn|str_Implmnt
# Fri Dec 22 20:30:06 2023

multi_srs_gen completed
# Fri Dec 22 20:30:07 2023

Return Code: 0
Run Time:00h:00m:01s
Copied C:\Users\RoYaa\Desktop\alu_8bit_project\alu_structural\fpgaoutstr\str\str_Implmnt\synwork\str_mult.srs to C:\Users\RoYaa\Desktop\alu_8bit_project\alu_structural\fpgaoutstr\str\str_Implmnt\str.srs
Complete: Compile Process on str_syn|str_Implmnt

Running: premap (Pre-mapping) on str_syn|str_Implmnt
# Fri Dec 22 20:30:07 2023

premap completed
# Fri Dec 22 20:30:08 2023

Return Code: 0
Run Time:00h:00m:01s
Complete: Compile on str_syn|str_Implmnt

Running: map (Map) on str_syn|str_Implmnt
# Fri Dec 22 20:30:08 2023
License granted for 4 parallel jobs

Running: fpga_mapper (Map & Optimize) on str_syn|str_Implmnt
# Fri Dec 22 20:30:08 2023
Copied C:\Users\RoYaa\Desktop\alu_8bit_project\alu_structural\fpgaoutstr\str\str_Implmnt\synwork\str_m.srm to C:\Users\RoYaa\Desktop\alu_8bit_project\alu_structural\fpgaoutstr\str\str_Implmnt\str.srm

fpga_mapper completed
# Fri Dec 22 20:30:11 2023

Return Code: 0
Run Time:00h:00m:03s
Complete: Map on str_syn|str_Implmnt
Complete: Logic Synthesis on str_syn|str_Implmnt

exit status=0

exit status=0

